0
Response content is not in JSON format. Trying again...
Response content is not in JSON format. Trying again...
Response content is not in JSON format. Trying again...
Response content is not in JSON format. Trying again...
Response content is not in JSON format. Trying again...
Response content is not in JSON format. Trying again...
(35136,)
(35136,)
1
Response content is not in JSON format. Trying again...
Response content is not in JSON format. Trying again...
Response content is not in JSON format. Trying again...
Response content is not in JSON format. Trying again...
Response content is not in JSON format. Trying again...
Response content is not in JSON format. Trying again...
Response content is not in JSON format. Trying again...
Response content is not in JSON format. Trying again...
Response content is not in JSON format. Trying again...
Response content is not in JSON format. Trying again...
(35136,)
(35136,)
2
Response content is not in JSON format. Trying again...
Response content is not in JSON format. Trying again...
Response content is not in JSON format. Trying again...
Response content is not in JSON format. Trying again...
Response content is not in JSON format. Trying again...
Response content is not in JSON format. Trying again...
Response content is not in JSON format. Trying again...
Response content is not in JSON format. Trying again...
Response content is not in JSON format. Trying again...
Response content is not in JSON format. Trying again...
Response content is not in JSON format. Trying again...
Response content is not in JSON format. Trying again...
Response content is not in JSON format. Trying again...
Response content is not in JSON format. Trying again...
Response content is not in JSON format. Trying again...
Response content is not in JSON format. Trying again...
Response content is not in JSON format. Trying again...
Response content is not in JSON format. Trying again...
Response content is not in JSON format. Trying again...
Response content is not in JSON format. Trying again...
Response content is not in JSON format. Trying again...
(35136,)
(35136,)
3
Response content is not in JSON format. Trying again...
Response content is not in JSON format. Trying again...
Response content is not in JSON format. Trying again...
Response content is not in JSON format. Trying again...
Response content is not in JSON format. Trying again...
Response content is not in JSON format. Trying again...
Response content is not in JSON format. Trying again...
Response content is not in JSON format. Trying again...
Response content is not in JSON format. Trying again...
Response content is not in JSON format. Trying again...
Response content is not in JSON format. Trying again...
Response content is not in JSON format. Trying again...
Response content is not in JSON format. Trying again...
(35136,)
(35136,)
4
Response content is not in JSON format. Trying again...
Response content is not in JSON format. Trying again...
Response content is not in JSON format. Trying again...
Response content is not in JSON format. Trying again...
Response content is not in JSON format. Trying again...
Response content is not in JSON format. Trying again...
Response content is not in JSON format. Trying again...
Response content is not in JSON format. Trying again...
Response content is not in JSON format. Trying again...
Response content is not in JSON format. Trying again...
Response content is not in JSON format. Trying again...
Response content is not in JSON format. Trying again...
Response content is not in JSON format. Trying again...
Response content is not in JSON format. Trying again...
Response content is not in JSON format. Trying again...
Response content is not in JSON format. Trying again...
(35136,)
(35136,)
5
Response content is not in JSON format. Trying again...
Response content is not in JSON format. Trying again...
Response content is not in JSON format. Trying again...
Response content is not in JSON format. Trying again...
Response content is not in JSON format. Trying again...
Response content is not in JSON format. Trying again...
Response content is not in JSON format. Trying again...
Response content is not in JSON format. Trying again...
Response content is not in JSON format. Trying again...
Response content is not in JSON format. Trying again...
Response content is not in JSON format. Trying again...
Response content is not in JSON format. Trying again...
Response content is not in JSON format. Trying again...
Response content is not in JSON format. Trying again...
Response content is not in JSON format. Trying again...
(35136,)
(35136,)
6
Response content is not in JSON format. Trying again...
Response content is not in JSON format. Trying again...
Response content is not in JSON format. Trying again...
Response content is not in JSON format. Trying again...
Response content is not in JSON format. Trying again...
Response content is not in JSON format. Trying again...
Response content is not in JSON format. Trying again...
Response content is not in JSON format. Trying again...
Response content is not in JSON format. Trying again...
Response content is not in JSON format. Trying again...
Response content is not in JSON format. Trying again...
Response content is not in JSON format. Trying again...
Response content is not in JSON format. Trying again...
Response content is not in JSON format. Trying again...
Response content is not in JSON format. Trying again...
(35136,)
(35136,)
7
Response content is not in JSON format. Trying again...
Response content is not in JSON format. Trying again...
Response content is not in JSON format. Trying again...
Response content is not in JSON format. Trying again...
Response content is not in JSON format. Trying again...
Response content is not in JSON format. Trying again...
Response content is not in JSON format. Trying again...
Response content is not in JSON format. Trying again...
Response content is not in JSON format. Trying again...
Response content is not in JSON format. Trying again...
Response content is not in JSON format. Trying again...
Response content is not in JSON format. Trying again...
Response content is not in JSON format. Trying again...
Response content is not in JSON format. Trying again...
Response content is not in JSON format. Trying again...
(35136,)
(35136,)
8
Response content is not in JSON format. Trying again...
Response content is not in JSON format. Trying again...
Response content is not in JSON format. Trying again...
Response content is not in JSON format. Trying again...
Response content is not in JSON format. Trying again...
Response content is not in JSON format. Trying again...
Response content is not in JSON format. Trying again...
Response content is not in JSON format. Trying again...
Response content is not in JSON format. Trying again...
Response content is not in JSON format. Trying again...
Response content is not in JSON format. Trying again...
Response content is not in JSON format. Trying again...
Response content is not in JSON format. Trying again...
Response content is not in JSON format. Trying again...
Response content is not in JSON format. Trying again...
(35136,)
(35136,)
9
Response content is not in JSON format. Trying again...
Response content is not in JSON format. Trying again...
Response content is not in JSON format. Trying again...
Response content is not in JSON format. Trying again...
Response content is not in JSON format. Trying again...
Response content is not in JSON format. Trying again...
Response content is not in JSON format. Trying again...
Response content is not in JSON format. Trying again...
Response content is not in JSON format. Trying again...
Response content is not in JSON format. Trying again...
Response content is not in JSON format. Trying again...
Response content is not in JSON format. Trying again...
Response content is not in JSON format. Trying again...
Response content is not in JSON format. Trying again...
Response content is not in JSON format. Trying again...
Response content is not in JSON format. Trying again...
Response content is not in JSON format. Trying again...
Response content is not in JSON format. Trying again...
(35136,)
(35136,)
10
Response content is not in JSON format. Trying again...
Response content is not in JSON format. Trying again...
Response content is not in JSON format. Trying again...
Response content is not in JSON format. Trying again...
Response content is not in JSON format. Trying again...
Response content is not in JSON format. Trying again...
Response content is not in JSON format. Trying again...
Response content is not in JSON format. Trying again...
Response content is not in JSON format. Trying again...
Response content is not in JSON format. Trying again...
Response content is not in JSON format. Trying again...
Response content is not in JSON format. Trying again...
Response content is not in JSON format. Trying again...
Response content is not in JSON format. Trying again...
Response content is not in JSON format. Trying again...
Response content is not in JSON format. Trying again...
Response content is not in JSON format. Trying again...
(35136,)
(35136,)
11
Response content is not in JSON format. Trying again...
Response content is not in JSON format. Trying again...
Response content is not in JSON format. Trying again...
Response content is not in JSON format. Trying again...
Response content is not in JSON format. Trying again...
Response content is not in JSON format. Trying again...
Response content is not in JSON format. Trying again...
Response content is not in JSON format. Trying again...
Response content is not in JSON format. Trying again...
Response content is not in JSON format. Trying again...
Response content is not in JSON format. Trying again...
Response content is not in JSON format. Trying again...
Response content is not in JSON format. Trying again...
Response content is not in JSON format. Trying again...
Response content is not in JSON format. Trying again...
Response content is not in JSON format. Trying again...
Response content is not in JSON format. Trying again...
Response content is not in JSON format. Trying again...
(35136,)
(35136,)
12
Response content is not in JSON format. Trying again...
Response content is not in JSON format. Trying again...
Response content is not in JSON format. Trying again...
Response content is not in JSON format. Trying again...
Response content is not in JSON format. Trying again...
Response content is not in JSON format. Trying again...
Response content is not in JSON format. Trying again...
Response content is not in JSON format. Trying again...
Response content is not in JSON format. Trying again...
Response content is not in JSON format. Trying again...
Response content is not in JSON format. Trying again...
Response content is not in JSON format. Trying again...
Response content is not in JSON format. Trying again...
Response content is not in JSON format. Trying again...
Response content is not in JSON format. Trying again...
Response content is not in JSON format. Trying again...
Response content is not in JSON format. Trying again...
(35136,)
(35136,)
13
Response content is not in JSON format. Trying again...
Response content is not in JSON format. Trying again...
Response content is not in JSON format. Trying again...
Response content is not in JSON format. Trying again...
Response content is not in JSON format. Trying again...
Response content is not in JSON format. Trying again...
Response content is not in JSON format. Trying again...
Response content is not in JSON format. Trying again...
Response content is not in JSON format. Trying again...
Response content is not in JSON format. Trying again...
Response content is not in JSON format. Trying again...
Response content is not in JSON format. Trying again...
Response content is not in JSON format. Trying again...
Response content is not in JSON format. Trying again...
Response content is not in JSON format. Trying again...
Response content is not in JSON format. Trying again...
Response content is not in JSON format. Trying again...
Response content is not in JSON format. Trying again...
(35136,)
(35136,)
14
Response content is not in JSON format. Trying again...
Response content is not in JSON format. Trying again...
Response content is not in JSON format. Trying again...
Response content is not in JSON format. Trying again...
Response content is not in JSON format. Trying again...
Response content is not in JSON format. Trying again...
Response content is not in JSON format. Trying again...
Response content is not in JSON format. Trying again...
Response content is not in JSON format. Trying again...
Response content is not in JSON format. Trying again...
Response content is not in JSON format. Trying again...
Response content is not in JSON format. Trying again...
Response content is not in JSON format. Trying again...
Response content is not in JSON format. Trying again...
Response content is not in JSON format. Trying again...
(0,)
(0,)
Skipping station with id:5cebf1dd3d0f4a073c4bb8c9
15
Response content is not in JSON format. Trying again...
Response content is not in JSON format. Trying again...
Response content is not in JSON format. Trying again...
Response content is not in JSON format. Trying again...
Response content is not in JSON format. Trying again...
Response content is not in JSON format. Trying again...
Response content is not in JSON format. Trying again...
Response content is not in JSON format. Trying again...
Response content is not in JSON format. Trying again...
Response content is not in JSON format. Trying again...
Response content is not in JSON format. Trying again...
Response content is not in JSON format. Trying again...
Response content is not in JSON format. Trying again...
Response content is not in JSON format. Trying again...
Response content is not in JSON format. Trying again...
(35136,)
(35136,)
16
Response content is not in JSON format. Trying again...
Response content is not in JSON format. Trying again...
Response content is not in JSON format. Trying again...
Response content is not in JSON format. Trying again...
Response content is not in JSON format. Trying again...
Response content is not in JSON format. Trying again...
Response content is not in JSON format. Trying again...
Response content is not in JSON format. Trying again...
Response content is not in JSON format. Trying again...
Response content is not in JSON format. Trying again...
Response content is not in JSON format. Trying again...
Response content is not in JSON format. Trying again...
Response content is not in JSON format. Trying again...
Response content is not in JSON format. Trying again...
Response content is not in JSON format. Trying again...
Response content is not in JSON format. Trying again...
Response content is not in JSON format. Trying again...
Response content is not in JSON format. Trying again...
Response content is not in JSON format. Trying again...
Response content is not in JSON format. Trying again...
Response content is not in JSON format. Trying again...
Response content is not in JSON format. Trying again...
Response content is not in JSON format. Trying again...
(35136,)
(35136,)
17
Response content is not in JSON format. Trying again...
Response content is not in JSON format. Trying again...
Response content is not in JSON format. Trying again...
Response content is not in JSON format. Trying again...
Response content is not in JSON format. Trying again...
Response content is not in JSON format. Trying again...
Response content is not in JSON format. Trying again...
Response content is not in JSON format. Trying again...
Response content is not in JSON format. Trying again...
(35136,)
(35136,)
18
Response content is not in JSON format. Trying again...
Response content is not in JSON format. Trying again...
Response content is not in JSON format. Trying again...
Response content is not in JSON format. Trying again...
Response content is not in JSON format. Trying again...
Response content is not in JSON format. Trying again...
Response content is not in JSON format. Trying again...
Response content is not in JSON format. Trying again...
Response content is not in JSON format. Trying again...
Response content is not in JSON format. Trying again...
Response content is not in JSON format. Trying again...
Response content is not in JSON format. Trying again...
Response content is not in JSON format. Trying again...
Response content is not in JSON format. Trying again...
Response content is not in JSON format. Trying again...
Response content is not in JSON format. Trying again...
Response content is not in JSON format. Trying again...
Response content is not in JSON format. Trying again...
(35136,)
(35136,)
19
Response content is not in JSON format. Trying again...
Response content is not in JSON format. Trying again...
Response content is not in JSON format. Trying again...
Response content is not in JSON format. Trying again...
Response content is not in JSON format. Trying again...
Response content is not in JSON format. Trying again...
Response content is not in JSON format. Trying again...
Response content is not in JSON format. Trying again...
Response content is not in JSON format. Trying again...
Response content is not in JSON format. Trying again...
Response content is not in JSON format. Trying again...
Response content is not in JSON format. Trying again...
Response content is not in JSON format. Trying again...
Response content is not in JSON format. Trying again...
(35136,)
(35136,)
20
Response content is not in JSON format. Trying again...
Response content is not in JSON format. Trying again...
Response content is not in JSON format. Trying again...
Response content is not in JSON format. Trying again...
Response content is not in JSON format. Trying again...
Response content is not in JSON format. Trying again...
Response content is not in JSON format. Trying again...
Response content is not in JSON format. Trying again...
Response content is not in JSON format. Trying again...
Response content is not in JSON format. Trying again...
Response content is not in JSON format. Trying again...
Response content is not in JSON format. Trying again...
Response content is not in JSON format. Trying again...
Response content is not in JSON format. Trying again...
Response content is not in JSON format. Trying again...
(35136,)
(35136,)
21
Response content is not in JSON format. Trying again...
Response content is not in JSON format. Trying again...
Response content is not in JSON format. Trying again...
Response content is not in JSON format. Trying again...
Response content is not in JSON format. Trying again...
Response content is not in JSON format. Trying again...
Response content is not in JSON format. Trying again...
Response content is not in JSON format. Trying again...
Response content is not in JSON format. Trying again...
Response content is not in JSON format. Trying again...
Response content is not in JSON format. Trying again...
Response content is not in JSON format. Trying again...
Response content is not in JSON format. Trying again...
Response content is not in JSON format. Trying again...
(35136,)
(35136,)
22
Response content is not in JSON format. Trying again...
Response content is not in JSON format. Trying again...
Response content is not in JSON format. Trying again...
Response content is not in JSON format. Trying again...
Response content is not in JSON format. Trying again...
Response content is not in JSON format. Trying again...
Response content is not in JSON format. Trying again...
Response content is not in JSON format. Trying again...
Response content is not in JSON format. Trying again...
Response content is not in JSON format. Trying again...
Response content is not in JSON format. Trying again...
Response content is not in JSON format. Trying again...
Response content is not in JSON format. Trying again...
Response content is not in JSON format. Trying again...
Response content is not in JSON format. Trying again...
Response content is not in JSON format. Trying again...
Response content is not in JSON format. Trying again...
Response content is not in JSON format. Trying again...
(35136,)
(35136,)
23
Response content is not in JSON format. Trying again...
Response content is not in JSON format. Trying again...
Response content is not in JSON format. Trying again...
Response content is not in JSON format. Trying again...
Response content is not in JSON format. Trying again...
Response content is not in JSON format. Trying again...
Response content is not in JSON format. Trying again...
Response content is not in JSON format. Trying again...
Response content is not in JSON format. Trying again...
Response content is not in JSON format. Trying again...
Response content is not in JSON format. Trying again...
Response content is not in JSON format. Trying again...
Response content is not in JSON format. Trying again...
Response content is not in JSON format. Trying again...
Response content is not in JSON format. Trying again...
Response content is not in JSON format. Trying again...
Response content is not in JSON format. Trying again...
Response content is not in JSON format. Trying again...
(35136,)
(35136,)
24
Response content is not in JSON format. Trying again...
Response content is not in JSON format. Trying again...
Response content is not in JSON format. Trying again...
Response content is not in JSON format. Trying again...
Response content is not in JSON format. Trying again...
Response content is not in JSON format. Trying again...
Response content is not in JSON format. Trying again...
Response content is not in JSON format. Trying again...
Response content is not in JSON format. Trying again...
Response content is not in JSON format. Trying again...
Response content is not in JSON format. Trying again...
Response content is not in JSON format. Trying again...
Response content is not in JSON format. Trying again...
Response content is not in JSON format. Trying again...
Response content is not in JSON format. Trying again...
Response content is not in JSON format. Trying again...
Response content is not in JSON format. Trying again...
Response content is not in JSON format. Trying again...
(35136,)
(35136,)
25
Response content is not in JSON format. Trying again...
Response content is not in JSON format. Trying again...
Response content is not in JSON format. Trying again...
Response content is not in JSON format. Trying again...
Response content is not in JSON format. Trying again...
Response content is not in JSON format. Trying again...
Response content is not in JSON format. Trying again...
Response content is not in JSON format. Trying again...
Response content is not in JSON format. Trying again...
Response content is not in JSON format. Trying again...
Response content is not in JSON format. Trying again...
Response content is not in JSON format. Trying again...
Response content is not in JSON format. Trying again...
Response content is not in JSON format. Trying again...
Response content is not in JSON format. Trying again...
Response content is not in JSON format. Trying again...
Response content is not in JSON format. Trying again...
Response content is not in JSON format. Trying again...
(35136,)
(35136,)
26
Response content is not in JSON format. Trying again...
Response content is not in JSON format. Trying again...
Response content is not in JSON format. Trying again...
Response content is not in JSON format. Trying again...
Response content is not in JSON format. Trying again...
Response content is not in JSON format. Trying again...
Response content is not in JSON format. Trying again...
Response content is not in JSON format. Trying again...
Response content is not in JSON format. Trying again...
Response content is not in JSON format. Trying again...
Response content is not in JSON format. Trying again...
Response content is not in JSON format. Trying again...
Response content is not in JSON format. Trying again...
Response content is not in JSON format. Trying again...
(35136,)
(35136,)
27
Response content is not in JSON format. Trying again...
Response content is not in JSON format. Trying again...
Response content is not in JSON format. Trying again...
Response content is not in JSON format. Trying again...
Response content is not in JSON format. Trying again...
Response content is not in JSON format. Trying again...
Response content is not in JSON format. Trying again...
Response content is not in JSON format. Trying again...
Response content is not in JSON format. Trying again...
Response content is not in JSON format. Trying again...
Response content is not in JSON format. Trying again...
Response content is not in JSON format. Trying again...
Response content is not in JSON format. Trying again...
Response content is not in JSON format. Trying again...
(35136,)
(35136,)
28
Response content is not in JSON format. Trying again...
Response content is not in JSON format. Trying again...
Response content is not in JSON format. Trying again...
Response content is not in JSON format. Trying again...
Response content is not in JSON format. Trying again...
Response content is not in JSON format. Trying again...
Response content is not in JSON format. Trying again...
Response content is not in JSON format. Trying again...
Response content is not in JSON format. Trying again...
Response content is not in JSON format. Trying again...
Response content is not in JSON format. Trying again...
Response content is not in JSON format. Trying again...
Response content is not in JSON format. Trying again...
Response content is not in JSON format. Trying again...
Response content is not in JSON format. Trying again...
Response content is not in JSON format. Trying again...
(35136,)
(35136,)
29
Response content is not in JSON format. Trying again...
Response content is not in JSON format. Trying again...
Response content is not in JSON format. Trying again...
Response content is not in JSON format. Trying again...
Response content is not in JSON format. Trying again...
Response content is not in JSON format. Trying again...
Response content is not in JSON format. Trying again...
Response content is not in JSON format. Trying again...
Response content is not in JSON format. Trying again...
Response content is not in JSON format. Trying again...
Response content is not in JSON format. Trying again...
Response content is not in JSON format. Trying again...
Response content is not in JSON format. Trying again...
Response content is not in JSON format. Trying again...
Response content is not in JSON format. Trying again...
(35136,)
(35136,)
30
Response content is not in JSON format. Trying again...
Response content is not in JSON format. Trying again...
Response content is not in JSON format. Trying again...
Response content is not in JSON format. Trying again...
Response content is not in JSON format. Trying again...
Response content is not in JSON format. Trying again...
Response content is not in JSON format. Trying again...
Response content is not in JSON format. Trying again...
Response content is not in JSON format. Trying again...
Response content is not in JSON format. Trying again...
Response content is not in JSON format. Trying again...
Response content is not in JSON format. Trying again...
Response content is not in JSON format. Trying again...
Response content is not in JSON format. Trying again...
Response content is not in JSON format. Trying again...
(0,)
(0,)
Skipping station with id:5cebf1dd3d0f4a073c4bb8e3
31
Response content is not in JSON format. Trying again...
Response content is not in JSON format. Trying again...
Response content is not in JSON format. Trying again...
Response content is not in JSON format. Trying again...
Response content is not in JSON format. Trying again...
Response content is not in JSON format. Trying again...
Response content is not in JSON format. Trying again...
Response content is not in JSON format. Trying again...
Response content is not in JSON format. Trying again...
Response content is not in JSON format. Trying again...
Response content is not in JSON format. Trying again...
Response content is not in JSON format. Trying again...
Response content is not in JSON format. Trying again...
Response content is not in JSON format. Trying again...
Response content is not in JSON format. Trying again...
Response content is not in JSON format. Trying again...
Response content is not in JSON format. Trying again...
(35136,)
(35136,)
32
Response content is not in JSON format. Trying again...
Response content is not in JSON format. Trying again...
Response content is not in JSON format. Trying again...
Response content is not in JSON format. Trying again...
Response content is not in JSON format. Trying again...
Response content is not in JSON format. Trying again...
Response content is not in JSON format. Trying again...
Response content is not in JSON format. Trying again...
Response content is not in JSON format. Trying again...
Response content is not in JSON format. Trying again...
Response content is not in JSON format. Trying again...
Response content is not in JSON format. Trying again...
Response content is not in JSON format. Trying again...
Response content is not in JSON format. Trying again...
Response content is not in JSON format. Trying again...
Response content is not in JSON format. Trying again...
(35136,)
(35136,)
33
Response content is not in JSON format. Trying again...
Response content is not in JSON format. Trying again...
Response content is not in JSON format. Trying again...
Response content is not in JSON format. Trying again...
Response content is not in JSON format. Trying again...
Response content is not in JSON format. Trying again...
Response content is not in JSON format. Trying again...
Response content is not in JSON format. Trying again...
Response content is not in JSON format. Trying again...
Response content is not in JSON format. Trying again...
Response content is not in JSON format. Trying again...
Response content is not in JSON format. Trying again...
Response content is not in JSON format. Trying again...
Response content is not in JSON format. Trying again...
Response content is not in JSON format. Trying again...
Response content is not in JSON format. Trying again...
(35136,)
(35136,)
34
Response content is not in JSON format. Trying again...
Response content is not in JSON format. Trying again...
Response content is not in JSON format. Trying again...
Response content is not in JSON format. Trying again...
Response content is not in JSON format. Trying again...
Response content is not in JSON format. Trying again...
Response content is not in JSON format. Trying again...
Response content is not in JSON format. Trying again...
Response content is not in JSON format. Trying again...
Response content is not in JSON format. Trying again...
Response content is not in JSON format. Trying again...
Response content is not in JSON format. Trying again...
Response content is not in JSON format. Trying again...
Response content is not in JSON format. Trying again...
Response content is not in JSON format. Trying again...
Response content is not in JSON format. Trying again...
Response content is not in JSON format. Trying again...
(35136,)
(35136,)
35
Response content is not in JSON format. Trying again...
Response content is not in JSON format. Trying again...
Response content is not in JSON format. Trying again...
Response content is not in JSON format. Trying again...
Response content is not in JSON format. Trying again...
Response content is not in JSON format. Trying again...
Response content is not in JSON format. Trying again...
Response content is not in JSON format. Trying again...
Response content is not in JSON format. Trying again...
Response content is not in JSON format. Trying again...
Response content is not in JSON format. Trying again...
Response content is not in JSON format. Trying again...
Response content is not in JSON format. Trying again...
Response content is not in JSON format. Trying again...
Response content is not in JSON format. Trying again...
Response content is not in JSON format. Trying again...
Response content is not in JSON format. Trying again...
Response content is not in JSON format. Trying again...
Response content is not in JSON format. Trying again...
(0,)
(0,)
Skipping station with id:5cebf1de3d0f4a073c4bb90f
36
Response content is not in JSON format. Trying again...
Response content is not in JSON format. Trying again...
Response content is not in JSON format. Trying again...
Response content is not in JSON format. Trying again...
Response content is not in JSON format. Trying again...
Response content is not in JSON format. Trying again...
Response content is not in JSON format. Trying again...
Response content is not in JSON format. Trying again...
Response content is not in JSON format. Trying again...
Response content is not in JSON format. Trying again...
Response content is not in JSON format. Trying again...
Response content is not in JSON format. Trying again...
Response content is not in JSON format. Trying again...
Response content is not in JSON format. Trying again...
Response content is not in JSON format. Trying again...
(35136,)
(35136,)
37
Response content is not in JSON format. Trying again...
Response content is not in JSON format. Trying again...
Response content is not in JSON format. Trying again...
Response content is not in JSON format. Trying again...
Response content is not in JSON format. Trying again...
Response content is not in JSON format. Trying again...
Response content is not in JSON format. Trying again...
Response content is not in JSON format. Trying again...
Response content is not in JSON format. Trying again...
Response content is not in JSON format. Trying again...
Response content is not in JSON format. Trying again...
Response content is not in JSON format. Trying again...
Response content is not in JSON format. Trying again...
Response content is not in JSON format. Trying again...
Response content is not in JSON format. Trying again...
Response content is not in JSON format. Trying again...
Response content is not in JSON format. Trying again...
(35136,)
(35136,)
38
Response content is not in JSON format. Trying again...
Response content is not in JSON format. Trying again...
Response content is not in JSON format. Trying again...
Response content is not in JSON format. Trying again...
Response content is not in JSON format. Trying again...
Response content is not in JSON format. Trying again...
Response content is not in JSON format. Trying again...
Response content is not in JSON format. Trying again...
Response content is not in JSON format. Trying again...
Response content is not in JSON format. Trying again...
Response content is not in JSON format. Trying again...
Response content is not in JSON format. Trying again...
Response content is not in JSON format. Trying again...
Response content is not in JSON format. Trying again...
Response content is not in JSON format. Trying again...
Response content is not in JSON format. Trying again...
Response content is not in JSON format. Trying again...
Response content is not in JSON format. Trying again...
Response content is not in JSON format. Trying again...
(35136,)
(35136,)
39
Response content is not in JSON format. Trying again...
Response content is not in JSON format. Trying again...
Response content is not in JSON format. Trying again...
Response content is not in JSON format. Trying again...
Response content is not in JSON format. Trying again...
Response content is not in JSON format. Trying again...
Response content is not in JSON format. Trying again...
Response content is not in JSON format. Trying again...
Response content is not in JSON format. Trying again...
Response content is not in JSON format. Trying again...
Response content is not in JSON format. Trying again...
Response content is not in JSON format. Trying again...
Response content is not in JSON format. Trying again...
Response content is not in JSON format. Trying again...
(35136,)
(35136,)
40
Response content is not in JSON format. Trying again...
Response content is not in JSON format. Trying again...
Response content is not in JSON format. Trying again...
Response content is not in JSON format. Trying again...
Response content is not in JSON format. Trying again...
Response content is not in JSON format. Trying again...
Response content is not in JSON format. Trying again...
Response content is not in JSON format. Trying again...
Response content is not in JSON format. Trying again...
Response content is not in JSON format. Trying again...
Response content is not in JSON format. Trying again...
Response content is not in JSON format. Trying again...
Response content is not in JSON format. Trying again...
Response content is not in JSON format. Trying again...
Response content is not in JSON format. Trying again...
Response content is not in JSON format. Trying again...
(35136,)
(35136,)
41
Response content is not in JSON format. Trying again...
Response content is not in JSON format. Trying again...
Response content is not in JSON format. Trying again...
Response content is not in JSON format. Trying again...
Response content is not in JSON format. Trying again...
Response content is not in JSON format. Trying again...
Response content is not in JSON format. Trying again...
Response content is not in JSON format. Trying again...
Response content is not in JSON format. Trying again...
Response content is not in JSON format. Trying again...
Response content is not in JSON format. Trying again...
Response content is not in JSON format. Trying again...
Response content is not in JSON format. Trying again...
Response content is not in JSON format. Trying again...
Response content is not in JSON format. Trying again...
Response content is not in JSON format. Trying again...
Response content is not in JSON format. Trying again...
(35136,)
(35136,)
42
Response content is not in JSON format. Trying again...
Response content is not in JSON format. Trying again...
Response content is not in JSON format. Trying again...
Response content is not in JSON format. Trying again...
Response content is not in JSON format. Trying again...
Response content is not in JSON format. Trying again...
Response content is not in JSON format. Trying again...
Response content is not in JSON format. Trying again...
Response content is not in JSON format. Trying again...
Response content is not in JSON format. Trying again...
Response content is not in JSON format. Trying again...
Response content is not in JSON format. Trying again...
Response content is not in JSON format. Trying again...
Response content is not in JSON format. Trying again...
Response content is not in JSON format. Trying again...
Response content is not in JSON format. Trying again...
Response content is not in JSON format. Trying again...
(35136,)
(35136,)
43
Response content is not in JSON format. Trying again...
Response content is not in JSON format. Trying again...
Response content is not in JSON format. Trying again...
Response content is not in JSON format. Trying again...
Response content is not in JSON format. Trying again...
Response content is not in JSON format. Trying again...
Response content is not in JSON format. Trying again...
Response content is not in JSON format. Trying again...
Response content is not in JSON format. Trying again...
Response content is not in JSON format. Trying again...
Response content is not in JSON format. Trying again...
Response content is not in JSON format. Trying again...
Response content is not in JSON format. Trying again...
Response content is not in JSON format. Trying again...
Response content is not in JSON format. Trying again...
Response content is not in JSON format. Trying again...
Response content is not in JSON format. Trying again...
(35136,)
(35136,)
44
Response content is not in JSON format. Trying again...
Response content is not in JSON format. Trying again...
Response content is not in JSON format. Trying again...
Response content is not in JSON format. Trying again...
Response content is not in JSON format. Trying again...
Response content is not in JSON format. Trying again...
Response content is not in JSON format. Trying again...
Response content is not in JSON format. Trying again...
Response content is not in JSON format. Trying again...
Response content is not in JSON format. Trying again...
Response content is not in JSON format. Trying again...
Response content is not in JSON format. Trying again...
Response content is not in JSON format. Trying again...
Response content is not in JSON format. Trying again...
Response content is not in JSON format. Trying again...
Response content is not in JSON format. Trying again...
Response content is not in JSON format. Trying again...
Response content is not in JSON format. Trying again...
(35136,)
(35136,)
45
Response content is not in JSON format. Trying again...
Response content is not in JSON format. Trying again...
Response content is not in JSON format. Trying again...
Response content is not in JSON format. Trying again...
Response content is not in JSON format. Trying again...
Response content is not in JSON format. Trying again...
Response content is not in JSON format. Trying again...
Response content is not in JSON format. Trying again...
Response content is not in JSON format. Trying again...
Response content is not in JSON format. Trying again...
Response content is not in JSON format. Trying again...
Response content is not in JSON format. Trying again...
Response content is not in JSON format. Trying again...
Response content is not in JSON format. Trying again...
Response content is not in JSON format. Trying again...
Response content is not in JSON format. Trying again...
Response content is not in JSON format. Trying again...
(35136,)
(35136,)
46
Response content is not in JSON format. Trying again...
Response content is not in JSON format. Trying again...
Response content is not in JSON format. Trying again...
Response content is not in JSON format. Trying again...
Response content is not in JSON format. Trying again...
Response content is not in JSON format. Trying again...
Response content is not in JSON format. Trying again...
Response content is not in JSON format. Trying again...
Response content is not in JSON format. Trying again...
Response content is not in JSON format. Trying again...
Response content is not in JSON format. Trying again...
Response content is not in JSON format. Trying again...
Response content is not in JSON format. Trying again...
Response content is not in JSON format. Trying again...
Response content is not in JSON format. Trying again...
Response content is not in JSON format. Trying again...
Response content is not in JSON format. Trying again...
(35136,)
(35136,)
47
Response content is not in JSON format. Trying again...
Response content is not in JSON format. Trying again...
Response content is not in JSON format. Trying again...
Response content is not in JSON format. Trying again...
Response content is not in JSON format. Trying again...
Response content is not in JSON format. Trying again...
Response content is not in JSON format. Trying again...
Response content is not in JSON format. Trying again...
Response content is not in JSON format. Trying again...
Response content is not in JSON format. Trying again...
Response content is not in JSON format. Trying again...
Response content is not in JSON format. Trying again...
Response content is not in JSON format. Trying again...
Response content is not in JSON format. Trying again...
Response content is not in JSON format. Trying again...
(35136,)
(35136,)
48
Response content is not in JSON format. Trying again...
Response content is not in JSON format. Trying again...
Response content is not in JSON format. Trying again...
Response content is not in JSON format. Trying again...
Response content is not in JSON format. Trying again...
Response content is not in JSON format. Trying again...
Response content is not in JSON format. Trying again...
Response content is not in JSON format. Trying again...
Response content is not in JSON format. Trying again...
Response content is not in JSON format. Trying again...
Response content is not in JSON format. Trying again...
Response content is not in JSON format. Trying again...
Response content is not in JSON format. Trying again...
Response content is not in JSON format. Trying again...
Response content is not in JSON format. Trying again...
(35136,)
(35136,)
49
Response content is not in JSON format. Trying again...
Response content is not in JSON format. Trying again...
Response content is not in JSON format. Trying again...
Response content is not in JSON format. Trying again...
Response content is not in JSON format. Trying again...
Response content is not in JSON format. Trying again...
Response content is not in JSON format. Trying again...
Response content is not in JSON format. Trying again...
Response content is not in JSON format. Trying again...
Response content is not in JSON format. Trying again...
Response content is not in JSON format. Trying again...
Response content is not in JSON format. Trying again...
Response content is not in JSON format. Trying again...
Response content is not in JSON format. Trying again...
(35136,)
(35136,)
50
Response content is not in JSON format. Trying again...
Response content is not in JSON format. Trying again...
Response content is not in JSON format. Trying again...
Response content is not in JSON format. Trying again...
Response content is not in JSON format. Trying again...
Response content is not in JSON format. Trying again...
Response content is not in JSON format. Trying again...
Response content is not in JSON format. Trying again...
Response content is not in JSON format. Trying again...
Response content is not in JSON format. Trying again...
Response content is not in JSON format. Trying again...
Response content is not in JSON format. Trying again...
Response content is not in JSON format. Trying again...
Response content is not in JSON format. Trying again...
Response content is not in JSON format. Trying again...
(35136,)
(35136,)
51
Response content is not in JSON format. Trying again...
Response content is not in JSON format. Trying again...
Response content is not in JSON format. Trying again...
Response content is not in JSON format. Trying again...
Response content is not in JSON format. Trying again...
Response content is not in JSON format. Trying again...
Response content is not in JSON format. Trying again...
Response content is not in JSON format. Trying again...
Response content is not in JSON format. Trying again...
Response content is not in JSON format. Trying again...
Response content is not in JSON format. Trying again...
Response content is not in JSON format. Trying again...
Response content is not in JSON format. Trying again...
Response content is not in JSON format. Trying again...
Response content is not in JSON format. Trying again...
(35136,)
(35136,)
52
Response content is not in JSON format. Trying again...
Response content is not in JSON format. Trying again...
Response content is not in JSON format. Trying again...
Response content is not in JSON format. Trying again...
Response content is not in JSON format. Trying again...
Response content is not in JSON format. Trying again...
Response content is not in JSON format. Trying again...
Response content is not in JSON format. Trying again...
Response content is not in JSON format. Trying again...
Response content is not in JSON format. Trying again...
Response content is not in JSON format. Trying again...
Response content is not in JSON format. Trying again...
Response content is not in JSON format. Trying again...
Response content is not in JSON format. Trying again...
Response content is not in JSON format. Trying again...
Response content is not in JSON format. Trying again...
(35136,)
(35136,)
53
Response content is not in JSON format. Trying again...
Response content is not in JSON format. Trying again...
Response content is not in JSON format. Trying again...
Response content is not in JSON format. Trying again...
Response content is not in JSON format. Trying again...
Response content is not in JSON format. Trying again...
Response content is not in JSON format. Trying again...
Response content is not in JSON format. Trying again...
Response content is not in JSON format. Trying again...
Response content is not in JSON format. Trying again...
Response content is not in JSON format. Trying again...
Response content is not in JSON format. Trying again...
Response content is not in JSON format. Trying again...
Response content is not in JSON format. Trying again...
Response content is not in JSON format. Trying again...
Response content is not in JSON format. Trying again...
Response content is not in JSON format. Trying again...
Response content is not in JSON format. Trying again...
(35136,)
(35136,)
54
Response content is not in JSON format. Trying again...
Response content is not in JSON format. Trying again...
Response content is not in JSON format. Trying again...
Response content is not in JSON format. Trying again...
Response content is not in JSON format. Trying again...
Response content is not in JSON format. Trying again...
Response content is not in JSON format. Trying again...
Response content is not in JSON format. Trying again...
Response content is not in JSON format. Trying again...
Response content is not in JSON format. Trying again...
Response content is not in JSON format. Trying again...
Response content is not in JSON format. Trying again...
Response content is not in JSON format. Trying again...
Response content is not in JSON format. Trying again...
Response content is not in JSON format. Trying again...
Response content is not in JSON format. Trying again...
Response content is not in JSON format. Trying again...
(35136,)
(35136,)
55
Response content is not in JSON format. Trying again...
Response content is not in JSON format. Trying again...
Response content is not in JSON format. Trying again...
Response content is not in JSON format. Trying again...
Response content is not in JSON format. Trying again...
Response content is not in JSON format. Trying again...
Response content is not in JSON format. Trying again...
Response content is not in JSON format. Trying again...
Response content is not in JSON format. Trying again...
Response content is not in JSON format. Trying again...
Response content is not in JSON format. Trying again...
Response content is not in JSON format. Trying again...
Response content is not in JSON format. Trying again...
Response content is not in JSON format. Trying again...
Response content is not in JSON format. Trying again...
Response content is not in JSON format. Trying again...
Response content is not in JSON format. Trying again...
(35136,)
(35136,)
56
Response content is not in JSON format. Trying again...
Response content is not in JSON format. Trying again...
Response content is not in JSON format. Trying again...
Response content is not in JSON format. Trying again...
Response content is not in JSON format. Trying again...
Response content is not in JSON format. Trying again...
Response content is not in JSON format. Trying again...
Response content is not in JSON format. Trying again...
Response content is not in JSON format. Trying again...
Response content is not in JSON format. Trying again...
Response content is not in JSON format. Trying again...
Response content is not in JSON format. Trying again...
Response content is not in JSON format. Trying again...
Response content is not in JSON format. Trying again...
Response content is not in JSON format. Trying again...
Response content is not in JSON format. Trying again...
Response content is not in JSON format. Trying again...
(35136,)
(35136,)
57
Response content is not in JSON format. Trying again...
Response content is not in JSON format. Trying again...
Response content is not in JSON format. Trying again...
Response content is not in JSON format. Trying again...
Response content is not in JSON format. Trying again...
Response content is not in JSON format. Trying again...
Response content is not in JSON format. Trying again...
Response content is not in JSON format. Trying again...
Response content is not in JSON format. Trying again...
Response content is not in JSON format. Trying again...
Response content is not in JSON format. Trying again...
Response content is not in JSON format. Trying again...
Response content is not in JSON format. Trying again...
Response content is not in JSON format. Trying again...
Response content is not in JSON format. Trying again...
Response content is not in JSON format. Trying again...
Response content is not in JSON format. Trying again...
Response content is not in JSON format. Trying again...
(35136,)
(35136,)
58
Response content is not in JSON format. Trying again...
Response content is not in JSON format. Trying again...
Response content is not in JSON format. Trying again...
Response content is not in JSON format. Trying again...
Response content is not in JSON format. Trying again...
Response content is not in JSON format. Trying again...
Response content is not in JSON format. Trying again...
Response content is not in JSON format. Trying again...
Response content is not in JSON format. Trying again...
Response content is not in JSON format. Trying again...
Response content is not in JSON format. Trying again...
Response content is not in JSON format. Trying again...
Response content is not in JSON format. Trying again...
Response content is not in JSON format. Trying again...
Response content is not in JSON format. Trying again...
Response content is not in JSON format. Trying again...
Response content is not in JSON format. Trying again...
(35136,)
(35136,)
59
Response content is not in JSON format. Trying again...
Response content is not in JSON format. Trying again...
Traceback (most recent call last):
  File "/u/vasulkar/.conda/envs/plotting/lib/python3.9/site-packages/urllib3/connection.py", line 169, in _new_conn
    conn = connection.create_connection(
  File "/u/vasulkar/.conda/envs/plotting/lib/python3.9/site-packages/urllib3/util/connection.py", line 73, in create_connection
    for res in socket.getaddrinfo(host, port, family, socket.SOCK_STREAM):
  File "/u/vasulkar/.conda/envs/plotting/lib/python3.9/socket.py", line 953, in getaddrinfo
    for res in _socket.getaddrinfo(host, port, family, type, proto, flags):
socket.gaierror: [Errno -2] Name or service not known

During handling of the above exception, another exception occurred:

Traceback (most recent call last):
  File "/u/vasulkar/.conda/envs/plotting/lib/python3.9/site-packages/urllib3/connectionpool.py", line 699, in urlopen
    httplib_response = self._make_request(
  File "/u/vasulkar/.conda/envs/plotting/lib/python3.9/site-packages/urllib3/connectionpool.py", line 382, in _make_request
    self._validate_conn(conn)
  File "/u/vasulkar/.conda/envs/plotting/lib/python3.9/site-packages/urllib3/connectionpool.py", line 1010, in _validate_conn
    conn.connect()
  File "/u/vasulkar/.conda/envs/plotting/lib/python3.9/site-packages/urllib3/connection.py", line 353, in connect
    conn = self._new_conn()
  File "/u/vasulkar/.conda/envs/plotting/lib/python3.9/site-packages/urllib3/connection.py", line 181, in _new_conn
    raise NewConnectionError(
urllib3.exceptions.NewConnectionError: <urllib3.connection.HTTPSConnection object at 0x7ff0dc3927f0>: Failed to establish a new connection: [Errno -2] Name or service not known

During handling of the above exception, another exception occurred:

Traceback (most recent call last):
  File "/u/vasulkar/.conda/envs/plotting/lib/python3.9/site-packages/requests/adapters.py", line 439, in send
    resp = conn.urlopen(
  File "/u/vasulkar/.conda/envs/plotting/lib/python3.9/site-packages/urllib3/connectionpool.py", line 755, in urlopen
    retries = retries.increment(
  File "/u/vasulkar/.conda/envs/plotting/lib/python3.9/site-packages/urllib3/util/retry.py", line 574, in increment
    raise MaxRetryError(_pool, url, error or ResponseError(cause))
urllib3.exceptions.MaxRetryError: HTTPSConnectionPool(host='api-iwls.dfo-mpo.gc.ca', port=443): Max retries exceeded with url: /api/v1/stations/5cebf1de3d0f4a073c4bb98f/data?time-series-code=wlp&from=2020-07-05T00%3A00%3A00Z&to=2020-07-11T00%3A00%3A00Z (Caused by NewConnectionError('<urllib3.connection.HTTPSConnection object at 0x7ff0dc3927f0>: Failed to establish a new connection: [Errno -2] Name or service not known'))

During handling of the above exception, another exception occurred:

Traceback (most recent call last):
  File "/p/1230882-emodnet_hrsm/fromAmey/Regional_canada_model/bathymetry_checks/downloadCHSdata.py", line 48, in <module>
    (data)=getwldata(sdate,edate,stationid,stationlon,stationlat)
  File "/p/1230882-emodnet_hrsm/fromAmey/Regional_canada_model/bathymetry_checks/downloadCHSdata.py", line 33, in getwldata
    (Tlvec,Wlvec)=readchsdata.getmergedata(sdate,edate,stationid)      
  File "/u/vasulkar/p_emodnet_amey/Regional_canada_model/bathymetry_checks/readchsdata.py", line 75, in getmergedata
    datati=readCHStide(stationid,sdate,edate)
  File "/u/vasulkar/p_emodnet_amey/Regional_canada_model/bathymetry_checks/readchsdata.py", line 31, in readCHStide
    response = requests.get(chsurl, headers=headers, params=params)
  File "/u/vasulkar/.conda/envs/plotting/lib/python3.9/site-packages/requests/api.py", line 76, in get
    return request('get', url, params=params, **kwargs)
  File "/u/vasulkar/.conda/envs/plotting/lib/python3.9/site-packages/requests/api.py", line 61, in request
    return session.request(method=method, url=url, **kwargs)
  File "/u/vasulkar/.conda/envs/plotting/lib/python3.9/site-packages/requests/sessions.py", line 542, in request
    resp = self.send(prep, **send_kwargs)
  File "/u/vasulkar/.conda/envs/plotting/lib/python3.9/site-packages/requests/sessions.py", line 655, in send
    r = adapter.send(request, **kwargs)
  File "/u/vasulkar/.conda/envs/plotting/lib/python3.9/site-packages/requests/adapters.py", line 516, in send
    raise ConnectionError(e, request=request)
requests.exceptions.ConnectionError: HTTPSConnectionPool(host='api-iwls.dfo-mpo.gc.ca', port=443): Max retries exceeded with url: /api/v1/stations/5cebf1de3d0f4a073c4bb98f/data?time-series-code=wlp&from=2020-07-05T00%3A00%3A00Z&to=2020-07-11T00%3A00%3A00Z (Caused by NewConnectionError('<urllib3.connection.HTTPSConnection object at 0x7ff0dc3927f0>: Failed to establish a new connection: [Errno -2] Name or service not known'))
